# JRE version: OpenJDK Runtime Environment (11.0.15) (build 11.0.15+0-b2043.56-9505619)
# Java VM: OpenJDK 64-Bit Server VM (11.0.15+0-b2043.56-9505619, mixed mode, tiered, compressed oops, g1 gc, windows-amd64)
Heap:
 garbage-first heap   total 312320K, used 143696K [0x0000000702600000, 0x0000000800000000)
  region size 1024K, 93 young (95232K), 8 survivors (8192K)
 Metaspace       used 67581K, capacity 68420K, committed 68608K, reserved 1110016K
  class space    used 7504K, capacity 7853K, committed 7936K, reserved 1048576K
GC Heap History (18 events):
Event: 0.699 GC heap before
{Heap before GC invocations=0 (full 0):
 garbage-first heap   total 260096K, used 28672K [0x0000000702600000, 0x0000000800000000)
  region size 1024K, 24 young (24576K), 0 survivors (0K)
 Metaspace       used 12119K, capacity 12280K, committed 12544K, reserved 1060864K
  class space    used 1116K, capacity 1175K, committed 1280K, reserved 1048576K
}
Event: 0.703 GC heap after
{Heap after GC invocations=1 (full 0):
 garbage-first heap   total 260096K, used 6694K [0x0000000702600000, 0x0000000800000000)
  region size 1024K, 3 young (3072K), 3 survivors (3072K)
 Metaspace       used 12119K, capacity 12280K, committed 12544K, reserved 1060864K
  class space    used 1116K, capacity 1175K, committed 1280K, reserved 1048576K
}
Event: 1.437 GC heap before
{Heap before GC invocations=1 (full 0):
 garbage-first heap   total 260096K, used 45606K [0x0000000702600000, 0x0000000800000000)
  region size 1024K, 42 young (43008K), 3 survivors (3072K)
 Metaspace       used 20984K, capacity 21185K, committed 21248K, reserved 1069056K
  class space    used 2216K, capacity 2302K, committed 2304K, reserved 1048576K
}
Event: 1.450 GC heap after
{Heap after GC invocations=2 (full 0):
 garbage-first heap   total 260096K, used 10589K [0x0000000702600000, 0x0000000800000000)
  region size 1024K, 7 young (7168K), 7 survivors (7168K)
 Metaspace       used 20984K, capacity 21185K, committed 21248K, reserved 1069056K
  class space    used 2216K, capacity 2302K, committed 2304K, reserved 1048576K
}
Event: 2.564 GC heap before
{Heap before GC invocations=3 (full 0):
 garbage-first heap   total 260096K, used 67933K [0x0000000702600000, 0x0000000800000000)
  region size 1024K, 59 young (60416K), 7 survivors (7168K)
 Metaspace       used 30793K, capacity 31227K, committed 31488K, reserved 1077248K
  class space    used 3609K, capacity 3790K, committed 3840K, reserved 1048576K
}
Event: 2.576 GC heap after
{Heap after GC invocations=4 (full 0):
 garbage-first heap   total 260096K, used 22132K [0x0000000702600000, 0x0000000800000000)
  region size 1024K, 8 young (8192K), 8 survivors (8192K)
 Metaspace       used 30793K, capacity 31227K, committed 31488K, reserved 1077248K
  class space    used 3609K, capacity 3790K, committed 3840K, reserved 1048576K
}
Event: 2.830 GC heap before
{Heap before GC invocations=4 (full 0):
 garbage-first heap   total 260096K, used 46708K [0x0000000702600000, 0x0000000800000000)
  region size 1024K, 30 young (30720K), 8 survivors (8192K)
 Metaspace       used 33376K, capacity 33831K, committed 34048K, reserved 1079296K
  class space    used 4102K, capacity 4273K, committed 4352K, reserved 1048576K
}
Event: 2.842 GC heap after
{Heap after GC invocations=5 (full 0):
 garbage-first heap   total 260096K, used 28782K [0x0000000702600000, 0x0000000800000000)
  region size 1024K, 4 young (4096K), 4 survivors (4096K)
 Metaspace       used 33376K, capacity 33831K, committed 34048K, reserved 1079296K
  class space    used 4102K, capacity 4273K, committed 4352K, reserved 1048576K
}
Event: 2.993 GC heap before
{Heap before GC invocations=5 (full 0):
 garbage-first heap   total 260096K, used 36974K [0x0000000702600000, 0x0000000800000000)
  region size 1024K, 13 young (13312K), 4 survivors (4096K)
 Metaspace       used 35393K, capacity 35751K, committed 35840K, reserved 1081344K
  class space    used 4314K, capacity 4465K, committed 4480K, reserved 1048576K
}
Event: 2.998 GC heap after
{Heap after GC invocations=6 (full 0):
 garbage-first heap   total 312320K, used 30264K [0x0000000702600000, 0x0000000800000000)
  region size 1024K, 6 young (6144K), 6 survivors (6144K)
 Metaspace       used 35393K, capacity 35751K, committed 35840K, reserved 1081344K
  class space    used 4314K, capacity 4465K, committed 4480K, reserved 1048576K
}
Event: 3.896 GC heap before
{Heap before GC invocations=7 (full 0):
 garbage-first heap   total 312320K, used 83512K [0x0000000702600000, 0x0000000800000000)
  region size 1024K, 58 young (59392K), 6 survivors (6144K)
 Metaspace       used 45782K, capacity 46275K, committed 46592K, reserved 1089536K
  class space    used 5298K, capacity 5510K, committed 5632K, reserved 1048576K
}
Event: 3.903 GC heap after
{Heap after GC invocations=8 (full 0):
 garbage-first heap   total 312320K, used 33589K [0x0000000702600000, 0x0000000800000000)
  region size 1024K, 8 young (8192K), 8 survivors (8192K)
 Metaspace       used 45782K, capacity 46275K, committed 46592K, reserved 1089536K
  class space    used 5298K, capacity 5510K, committed 5632K, reserved 1048576K
}
Event: 5.776 GC heap before
{Heap before GC invocations=8 (full 0):
 garbage-first heap   total 312320K, used 143157K [0x0000000702600000, 0x0000000800000000)
  region size 1024K, 112 young (114688K), 8 survivors (8192K)
 Metaspace       used 55944K, capacity 56590K, committed 56832K, reserved 1099776K
  class space    used 6311K, capacity 6595K, committed 6656K, reserved 1048576K
}
Event: 5.790 GC heap after
{Heap after GC invocations=9 (full 0):
 garbage-first heap   total 312320K, used 48806K [0x0000000702600000, 0x0000000800000000)
  region size 1024K, 14 young (14336K), 14 survivors (14336K)
 Metaspace       used 55944K, capacity 56590K, committed 56832K, reserved 1099776K
  class space    used 6311K, capacity 6595K, committed 6656K, reserved 1048576K
}
Event: 6.217 GC heap before
{Heap before GC invocations=9 (full 0):
 garbage-first heap   total 312320K, used 96934K [0x0000000702600000, 0x0000000800000000)
  region size 1024K, 61 young (62464K), 14 survivors (14336K)
 Metaspace       used 56504K, capacity 57158K, committed 57344K, reserved 1099776K
  class space    used 6351K, capacity 6636K, committed 6656K, reserved 1048576K
}
Event: 6.234 GC heap after
{Heap after GC invocations=10 (full 0):
 garbage-first heap   total 312320K, used 56046K [0x0000000702600000, 0x0000000800000000)
  region size 1024K, 7 young (7168K), 7 survivors (7168K)
 Metaspace       used 56504K, capacity 57158K, committed 57344K, reserved 1099776K
  class space    used 6351K, capacity 6636K, committed 6656K, reserved 1048576K
}
Event: 6.781 GC heap before
{Heap before GC invocations=10 (full 0):
 garbage-first heap   total 312320K, used 80622K [0x0000000702600000, 0x0000000800000000)
  region size 1024K, 32 young (32768K), 7 survivors (7168K)
 Metaspace       used 59599K, capacity 60219K, committed 60288K, reserved 1101824K
  class space    used 6707K, capacity 6991K, committed 7040K, reserved 1048576K
}
Event: 6.793 GC heap after
{Heap after GC invocations=11 (full 0):
 garbage-first heap   total 312320K, used 57680K [0x0000000702600000, 0x0000000800000000)
  region size 1024K, 8 young (8192K), 8 survivors (8192K)
 Metaspace       used 59599K, capacity 60219K, committed 60288K, reserved 1101824K
  class space    used 6707K, capacity 6991K, committed 7040K, reserved 1048576K
}

